mode: set
github.com/kubernetes/minikube/cli/cluster/cluster.go:30.56,31.66 1 1
github.com/kubernetes/minikube/cli/cluster/cluster.go:31.66,33.3 1 0
github.com/kubernetes/minikube/cli/cluster/cluster.go:33.3,33.19 1 1
github.com/kubernetes/minikube/cli/cluster/cluster.go:33.19,36.17 3 1
github.com/kubernetes/minikube/cli/cluster/cluster.go:39.3,40.17 2 1
github.com/kubernetes/minikube/cli/cluster/cluster.go:43.3,43.25 1 1
github.com/kubernetes/minikube/cli/cluster/cluster.go:48.3,48.16 1 1
github.com/kubernetes/minikube/cli/cluster/cluster.go:36.17,38.4 1 0
github.com/kubernetes/minikube/cli/cluster/cluster.go:40.17,42.4 1 0
github.com/kubernetes/minikube/cli/cluster/cluster.go:43.25,44.43 1 1
github.com/kubernetes/minikube/cli/cluster/cluster.go:44.43,46.5 1 0
github.com/kubernetes/minikube/cli/cluster/cluster.go:49.3,51.3 1 1
github.com/kubernetes/minikube/cli/cluster/cluster.go:55.41,57.16 2 1
github.com/kubernetes/minikube/cli/cluster/cluster.go:60.2,60.36 1 1
github.com/kubernetes/minikube/cli/cluster/cluster.go:63.2,63.12 1 1
github.com/kubernetes/minikube/cli/cluster/cluster.go:57.16,59.3 1 1
github.com/kubernetes/minikube/cli/cluster/cluster.go:60.36,62.3 1 0
github.com/kubernetes/minikube/cli/cluster/cluster.go:71.36,91.140 1 1
github.com/kubernetes/minikube/cli/cluster/cluster.go:99.2,99.12 1 1
github.com/kubernetes/minikube/cli/cluster/cluster.go:91.140,94.17 3 1
github.com/kubernetes/minikube/cli/cluster/cluster.go:94.17,96.4 1 1
github.com/kubernetes/minikube/cli/cluster/cluster.go:102.57,106.16 4 1
github.com/kubernetes/minikube/cli/cluster/cluster.go:110.2,112.16 3 1
github.com/kubernetes/minikube/cli/cluster/cluster.go:116.2,119.38 3 1
github.com/kubernetes/minikube/cli/cluster/cluster.go:125.2,125.36 1 1
github.com/kubernetes/minikube/cli/cluster/cluster.go:128.2,128.15 1 1
github.com/kubernetes/minikube/cli/cluster/cluster.go:106.16,108.3 1 0
github.com/kubernetes/minikube/cli/cluster/cluster.go:112.16,114.3 1 0
github.com/kubernetes/minikube/cli/cluster/cluster.go:119.38,123.3 2 0
github.com/kubernetes/minikube/cli/cluster/cluster.go:125.36,127.3 1 0
