mode: set
k8s.io/minikube/pkg/minikube/storageclass/storageclass.go:30.115,36.2 4 1
k8s.io/minikube/pkg/minikube/storageclass/storageclass.go:40.91,42.16 2 1
k8s.io/minikube/pkg/minikube/storageclass/storageclass.go:46.2,47.16 2 1
k8s.io/minikube/pkg/minikube/storageclass/storageclass.go:50.2,50.12 1 1
k8s.io/minikube/pkg/minikube/storageclass/storageclass.go:42.16,44.3 1 1
k8s.io/minikube/pkg/minikube/storageclass/storageclass.go:47.16,49.3 1 1
k8s.io/minikube/pkg/minikube/storageclass/storageclass.go:55.86,57.16 2 1
k8s.io/minikube/pkg/minikube/storageclass/storageclass.go:60.2,60.34 1 1
k8s.io/minikube/pkg/minikube/storageclass/storageclass.go:70.2,70.12 1 1
k8s.io/minikube/pkg/minikube/storageclass/storageclass.go:57.16,59.3 1 1
k8s.io/minikube/pkg/minikube/storageclass/storageclass.go:60.34,62.17 2 1
k8s.io/minikube/pkg/minikube/storageclass/storageclass.go:62.17,64.23 2 1
k8s.io/minikube/pkg/minikube/storageclass/storageclass.go:67.4,67.94 1 1
k8s.io/minikube/pkg/minikube/storageclass/storageclass.go:64.23,66.5 1 0
k8s.io/minikube/pkg/minikube/storageclass/storageclass.go:74.59,76.16 2 1
k8s.io/minikube/pkg/minikube/storageclass/storageclass.go:79.2,80.17 2 1
k8s.io/minikube/pkg/minikube/storageclass/storageclass.go:76.16,78.3 1 1
k8s.io/minikube/pkg/minikube/storageclass/storageclass.go:83.49,87.16 4 1
k8s.io/minikube/pkg/minikube/storageclass/storageclass.go:90.2,91.16 2 1
k8s.io/minikube/pkg/minikube/storageclass/storageclass.go:94.2,94.20 1 1
k8s.io/minikube/pkg/minikube/storageclass/storageclass.go:87.16,89.3 1 1
k8s.io/minikube/pkg/minikube/storageclass/storageclass.go:91.16,93.3 1 0
